<?xml version="1.0" encoding="UTF-8"?>
<!-- Generated by org.testng.reporters.JUnitXMLReporter -->
<testsuite ignored="0" hostname="DESKTOP-LAUHH40" failures="1" tests="6" name="ChinmoyTest1" time="0.036" errors="0" timestamp="2022-06-26T13:33:26 AEST">
  <testcase classname="test.DataProviderPractice" name="LogIn" time="0.003"/>
  <testcase classname="test.DataProviderPractice" name="LogIn" time="0.001"/>
  <testcase classname="test.MyTest5" name="Test51" time="0.001"/>
  <testcase classname="test.MyTest5" name="Test52" time="0.001"/>
  <testcase classname="test.MyTest5" name="Test53" time="0.0"/>
  <testcase classname="test.Ttransportnsw" name="test" time="0.0">
    <failure type="org.testng.TestNGException" message="
Cannot inject @Test annotated Method [test] with [class java.lang.String].
For more information on native dependency injection please refer to https://testng.org/doc/documentation-main.html#native-dependency-injection">
      <![CDATA[org.testng.TestNGException: 
Cannot inject @Test annotated Method [test] with [class java.lang.String].
For more information on native dependency injection please refer to https://testng.org/doc/documentation-main.html#native-dependency-injection
at java.base/java.util.ArrayList.forEach(ArrayList.java:1511)
... Removed 26 stack frames]]>
    </failure>
  </testcase> <!-- test -->
</testsuite> <!-- ChinmoyTest1 -->
