<?xml version="1.0" encoding="UTF-8"?>
<testng-results ignored="0" total="3" passed="3" failed="0" skipped="0">
  <reporter-output>
  </reporter-output>
  <suite started-at="2022-06-26T13:58:56 AEST" name="Surefire suite" finished-at="2022-06-26T13:58:56 AEST" duration-ms="25">
    <groups>
      <group name="Smoke">
        <method signature="MyTest5.Test53()[pri:0, instance:test.MyTest5@4387b79e]" name="Test53" class="test.MyTest5"/>
      </group> <!-- Smoke -->
    </groups>
    <test started-at="2022-06-26T13:58:56 AEST" name="Surefire test" finished-at="2022-06-26T13:58:56 AEST" duration-ms="25">
      <class name="test.MyTest5">
        <test-method is-config="true" signature="Test()[pri:0, instance:test.MyTest5@4387b79e]" started-at="2022-06-26T13:58:56 AEST" name="Test" finished-at="2022-06-26T13:58:56 AEST" duration-ms="5" status="PASS">
          <reporter-output>
          </reporter-output>
        </test-method> <!-- Test -->
        <test-method signature="Test51()[pri:0, instance:test.MyTest5@4387b79e]" started-at="2022-06-26T13:58:56 AEST" name="Test51" finished-at="2022-06-26T13:58:56 AEST" duration-ms="1" status="PASS">
          <reporter-output>
          </reporter-output>
        </test-method> <!-- Test51 -->
        <test-method signature="Test52()[pri:0, instance:test.MyTest5@4387b79e]" started-at="2022-06-26T13:58:56 AEST" name="Test52" finished-at="2022-06-26T13:58:56 AEST" duration-ms="0" status="PASS">
          <reporter-output>
          </reporter-output>
        </test-method> <!-- Test52 -->
        <test-method signature="Test53()[pri:0, instance:test.MyTest5@4387b79e]" started-at="2022-06-26T13:58:56 AEST" name="Test53" finished-at="2022-06-26T13:58:56 AEST" duration-ms="1" status="PASS">
          <reporter-output>
          </reporter-output>
        </test-method> <!-- Test53 -->
      </class> <!-- test.MyTest5 -->
    </test> <!-- Surefire test -->
  </suite> <!-- Surefire suite -->
</testng-results>
