<?xml version="1.0" encoding="UTF-8"?>
<testng-results ignored="0" total="6" passed="5" failed="1" skipped="0">
  <reporter-output>
  </reporter-output>
  <suite started-at="2022-06-26T13:33:26 AEST" name="My Suite One" finished-at="2022-06-26T13:33:26 AEST" duration-ms="36">
    <groups>
      <group name="Smoke">
        <method signature="MyTest5.Test53()[pri:0, instance:test.MyTest5@2e8c1c9b]" name="Test53" class="test.MyTest5"/>
      </group> <!-- Smoke -->
    </groups>
    <test started-at="2022-06-26T13:33:26 AEST" name="ChinmoyTest1" finished-at="2022-06-26T13:33:26 AEST" duration-ms="36">
      <class name="test.MyTest5">
        <test-method is-config="true" signature="Test()[pri:0, instance:test.MyTest5@2e8c1c9b]" started-at="2022-06-26T13:33:26 AEST" name="Test" finished-at="2022-06-26T13:33:26 AEST" duration-ms="5" status="PASS">
          <reporter-output>
          </reporter-output>
        </test-method> <!-- Test -->
        <test-method signature="Test51()[pri:0, instance:test.MyTest5@2e8c1c9b]" started-at="2022-06-26T13:33:26 AEST" name="Test51" finished-at="2022-06-26T13:33:26 AEST" duration-ms="1" status="PASS">
          <reporter-output>
          </reporter-output>
        </test-method> <!-- Test51 -->
        <test-method signature="Test52()[pri:0, instance:test.MyTest5@2e8c1c9b]" started-at="2022-06-26T13:33:26 AEST" name="Test52" finished-at="2022-06-26T13:33:26 AEST" duration-ms="1" status="PASS">
          <reporter-output>
          </reporter-output>
        </test-method> <!-- Test52 -->
        <test-method signature="Test53()[pri:0, instance:test.MyTest5@2e8c1c9b]" started-at="2022-06-26T13:33:26 AEST" name="Test53" finished-at="2022-06-26T13:33:26 AEST" duration-ms="0" status="PASS">
          <reporter-output>
          </reporter-output>
        </test-method> <!-- Test53 -->
      </class> <!-- test.MyTest5 -->
      <class name="test.Ttransportnsw">
        <test-method signature="test(java.lang.String)[pri:0, instance:test.Ttransportnsw@53fe15ff]" started-at="2022-06-26T13:33:26 AEST" name="test" finished-at="2022-06-26T13:33:26 AEST" duration-ms="0" status="FAIL">
          <exception class="org.testng.TestNGException">
            <message>
              <![CDATA[
Cannot inject @Test annotated Method [test] with [class java.lang.String].
For more information on native dependency injection please refer to https://testng.org/doc/documentation-main.html#native-dependency-injection]]>
            </message>
            <full-stacktrace>
              <![CDATA[org.testng.TestNGException: 
Cannot inject @Test annotated Method [test] with [class java.lang.String].
For more information on native dependency injection please refer to https://testng.org/doc/documentation-main.html#native-dependency-injection
at org.testng.internal.Parameters.checkParameterTypes(Parameters.java:436)
at org.testng.internal.Parameters.createParametersForMethod(Parameters.java:350)
at org.testng.internal.Parameters.createParameters(Parameters.java:669)
at org.testng.internal.Parameters.handleParameters(Parameters.java:856)
at org.testng.internal.Parameters.handleParameters(Parameters.java:704)
at org.testng.internal.invokers.ParameterHandler.handleParameters(ParameterHandler.java:70)
at org.testng.internal.invokers.ParameterHandler.createParameters(ParameterHandler.java:49)
at org.testng.internal.invokers.TestInvoker$MethodInvocationAgent.invoke(TestInvoker.java:904)
at org.testng.internal.invokers.TestInvoker.invokeTestMethods(TestInvoker.java:193)
at org.testng.internal.invokers.TestMethodWorker.invokeTestMethods(TestMethodWorker.java:146)
at org.testng.internal.invokers.TestMethodWorker.run(TestMethodWorker.java:128)
at java.base/java.util.ArrayList.forEach(ArrayList.java:1511)
at org.testng.TestRunner.privateRun(TestRunner.java:808)
at org.testng.TestRunner.run(TestRunner.java:603)
at org.testng.SuiteRunner.runTest(SuiteRunner.java:429)
at org.testng.SuiteRunner.runSequentially(SuiteRunner.java:423)
at org.testng.SuiteRunner.privateRun(SuiteRunner.java:383)
at org.testng.SuiteRunner.run(SuiteRunner.java:326)
at org.testng.SuiteRunnerWorker.runSuite(SuiteRunnerWorker.java:52)
at org.testng.SuiteRunnerWorker.run(SuiteRunnerWorker.java:95)
at org.testng.TestNG.runSuitesSequentially(TestNG.java:1249)
at org.testng.TestNG.runSuitesLocally(TestNG.java:1169)
at org.testng.TestNG.runSuites(TestNG.java:1092)
at org.testng.TestNG.run(TestNG.java:1060)
at org.testng.remote.AbstractRemoteTestNG.run(AbstractRemoteTestNG.java:115)
at org.testng.remote.RemoteTestNG.initAndRun(RemoteTestNG.java:251)
at org.testng.remote.RemoteTestNG.main(RemoteTestNG.java:77)
]]>
            </full-stacktrace>
          </exception> <!-- org.testng.TestNGException -->
          <reporter-output>
          </reporter-output>
        </test-method> <!-- test -->
      </class> <!-- test.Ttransportnsw -->
      <class name="test.DataProviderPractice">
        <test-method signature="LogIn(java.lang.String,java.lang.String)[pri:0, instance:test.DataProviderPractice@5e600dd5]" started-at="2022-06-26T13:33:26 AEST" name="LogIn" data-provider="data-provider" finished-at="2022-06-26T13:33:26 AEST" duration-ms="3" status="PASS">
          <params>
            <param index="0">
              <value>
                <![CDATA[firstSetUsername]]>
              </value>
            </param>
            <param index="1">
              <value>
                <![CDATA[firstSetUserpassword]]>
              </value>
            </param>
          </params>
          <reporter-output>
          </reporter-output>
        </test-method> <!-- LogIn -->
        <test-method signature="LogIn(java.lang.String,java.lang.String)[pri:0, instance:test.DataProviderPractice@5e600dd5]" started-at="2022-06-26T13:33:26 AEST" name="LogIn" data-provider="data-provider" finished-at="2022-06-26T13:33:26 AEST" duration-ms="1" status="PASS">
          <params>
            <param index="0">
              <value>
                <![CDATA[secondSetUsername]]>
              </value>
            </param>
            <param index="1">
              <value>
                <![CDATA[secondSetUserpassword]]>
              </value>
            </param>
          </params>
          <reporter-output>
          </reporter-output>
        </test-method> <!-- LogIn -->
      </class> <!-- test.DataProviderPractice -->
    </test> <!-- ChinmoyTest1 -->
  </suite> <!-- My Suite One -->
</testng-results>
